<?xml version="1.0" encoding="UTF-8"?>
<testng-results skipped="0" failed="0" ignored="0" total="15" passed="15">
  <reporter-output>
  </reporter-output>
  <suite name="Default suite" duration-ms="311396" started-at="2021-04-17T00:25:38 IST" finished-at="2021-04-17T00:30:49 IST">
    <groups>
      <group name="cucumber">
        <method signature="AbstractTestNGCucumberTests.runScenario(io.cucumber.testng.PickleWrapper, io.cucumber.testng.FeatureWrapper)[pri:0, instance:runnerclass.smoke@543c6f6d]" name="runScenario" class="io.cucumber.testng.AbstractTestNGCucumberTests"/>
      </group> <!-- cucumber -->
    </groups>
    <test name="Default test" duration-ms="311396" started-at="2021-04-17T00:25:38 IST" finished-at="2021-04-17T00:30:49 IST">
      <class name="runnerclass.smoke">
        <test-method status="PASS" signature="setUpClass()[pri:0, instance:runnerclass.smoke@543c6f6d]" name="setUpClass" is-config="true" duration-ms="604" started-at="2021-04-17T00:25:38 IST" finished-at="2021-04-17T00:25:38 IST">
          <reporter-output>
          </reporter-output>
        </test-method> <!-- setUpClass -->
        <test-method status="PASS" signature="runScenario(io.cucumber.testng.PickleWrapper, io.cucumber.testng.FeatureWrapper)[pri:0, instance:runnerclass.smoke@543c6f6d]" name="runScenario" duration-ms="15890" started-at="2021-04-17T00:25:38 IST" description="Runs Cucumber Scenarios" data-provider="scenarios" finished-at="2021-04-17T00:25:54 IST">
          <params>
            <param index="0">
              <value>
                <![CDATA["Validate title of the search result."]]>
              </value>
            </param>
            <param index="1">
              <value>
                <![CDATA["Title test"]]>
              </value>
            </param>
          </params>
          <reporter-output>
          </reporter-output>
        </test-method> <!-- runScenario -->
        <test-method status="PASS" signature="runScenario(io.cucumber.testng.PickleWrapper, io.cucumber.testng.FeatureWrapper)[pri:0, instance:runnerclass.smoke@543c6f6d]" name="runScenario" duration-ms="27092" started-at="2021-04-17T00:25:54 IST" description="Runs Cucumber Scenarios" data-provider="scenarios" finished-at="2021-04-17T00:26:21 IST">
          <params>
            <param index="0">
              <value>
                <![CDATA["Validate title of the search result."]]>
              </value>
            </param>
            <param index="1">
              <value>
                <![CDATA["Title test"]]>
              </value>
            </param>
          </params>
          <reporter-output>
          </reporter-output>
        </test-method> <!-- runScenario -->
        <test-method status="PASS" signature="runScenario(io.cucumber.testng.PickleWrapper, io.cucumber.testng.FeatureWrapper)[pri:0, instance:runnerclass.smoke@543c6f6d]" name="runScenario" duration-ms="25786" started-at="2021-04-17T00:26:21 IST" description="Runs Cucumber Scenarios" data-provider="scenarios" finished-at="2021-04-17T00:26:47 IST">
          <params>
            <param index="0">
              <value>
                <![CDATA["Validate title of the search result."]]>
              </value>
            </param>
            <param index="1">
              <value>
                <![CDATA["Title test"]]>
              </value>
            </param>
          </params>
          <reporter-output>
          </reporter-output>
        </test-method> <!-- runScenario -->
        <test-method status="PASS" signature="runScenario(io.cucumber.testng.PickleWrapper, io.cucumber.testng.FeatureWrapper)[pri:0, instance:runnerclass.smoke@543c6f6d]" name="runScenario" duration-ms="16194" started-at="2021-04-17T00:26:47 IST" description="Runs Cucumber Scenarios" data-provider="scenarios" finished-at="2021-04-17T00:27:03 IST">
          <params>
            <param index="0">
              <value>
                <![CDATA["Validate title of the search result."]]>
              </value>
            </param>
            <param index="1">
              <value>
                <![CDATA["Title test"]]>
              </value>
            </param>
          </params>
          <reporter-output>
          </reporter-output>
        </test-method> <!-- runScenario -->
        <test-method status="PASS" signature="runScenario(io.cucumber.testng.PickleWrapper, io.cucumber.testng.FeatureWrapper)[pri:0, instance:runnerclass.smoke@543c6f6d]" name="runScenario" duration-ms="21538" started-at="2021-04-17T00:27:03 IST" description="Runs Cucumber Scenarios" data-provider="scenarios" finished-at="2021-04-17T00:27:25 IST">
          <params>
            <param index="0">
              <value>
                <![CDATA["Validate title of the search result."]]>
              </value>
            </param>
            <param index="1">
              <value>
                <![CDATA["Title test"]]>
              </value>
            </param>
          </params>
          <reporter-output>
          </reporter-output>
        </test-method> <!-- runScenario -->
        <test-method status="PASS" signature="runScenario(io.cucumber.testng.PickleWrapper, io.cucumber.testng.FeatureWrapper)[pri:0, instance:runnerclass.smoke@543c6f6d]" name="runScenario" duration-ms="20800" started-at="2021-04-17T00:27:25 IST" description="Runs Cucumber Scenarios" data-provider="scenarios" finished-at="2021-04-17T00:27:46 IST">
          <params>
            <param index="0">
              <value>
                <![CDATA["Validate title of the search result."]]>
              </value>
            </param>
            <param index="1">
              <value>
                <![CDATA["Title test"]]>
              </value>
            </param>
          </params>
          <reporter-output>
          </reporter-output>
        </test-method> <!-- runScenario -->
        <test-method status="PASS" signature="runScenario(io.cucumber.testng.PickleWrapper, io.cucumber.testng.FeatureWrapper)[pri:0, instance:runnerclass.smoke@543c6f6d]" name="runScenario" duration-ms="10774" started-at="2021-04-17T00:27:46 IST" description="Runs Cucumber Scenarios" data-provider="scenarios" finished-at="2021-04-17T00:27:56 IST">
          <params>
            <param index="0">
              <value>
                <![CDATA["Validate title of the search result."]]>
              </value>
            </param>
            <param index="1">
              <value>
                <![CDATA["Title test"]]>
              </value>
            </param>
          </params>
          <reporter-output>
          </reporter-output>
        </test-method> <!-- runScenario -->
        <test-method status="PASS" signature="runScenario(io.cucumber.testng.PickleWrapper, io.cucumber.testng.FeatureWrapper)[pri:0, instance:runnerclass.smoke@543c6f6d]" name="runScenario" duration-ms="22741" started-at="2021-04-17T00:27:56 IST" description="Runs Cucumber Scenarios" data-provider="scenarios" finished-at="2021-04-17T00:28:19 IST">
          <params>
            <param index="0">
              <value>
                <![CDATA["Validate title of the search result."]]>
              </value>
            </param>
            <param index="1">
              <value>
                <![CDATA["Title test"]]>
              </value>
            </param>
          </params>
          <reporter-output>
          </reporter-output>
        </test-method> <!-- runScenario -->
        <test-method status="PASS" signature="runScenario(io.cucumber.testng.PickleWrapper, io.cucumber.testng.FeatureWrapper)[pri:0, instance:runnerclass.smoke@543c6f6d]" name="runScenario" duration-ms="8728" started-at="2021-04-17T00:28:19 IST" description="Runs Cucumber Scenarios" data-provider="scenarios" finished-at="2021-04-17T00:28:28 IST">
          <params>
            <param index="0">
              <value>
                <![CDATA["Validate if the site has https."]]>
              </value>
            </param>
            <param index="1">
              <value>
                <![CDATA["Title test"]]>
              </value>
            </param>
          </params>
          <reporter-output>
          </reporter-output>
        </test-method> <!-- runScenario -->
        <test-method status="PASS" signature="runScenario(io.cucumber.testng.PickleWrapper, io.cucumber.testng.FeatureWrapper)[pri:0, instance:runnerclass.smoke@543c6f6d]" name="runScenario" duration-ms="16773" started-at="2021-04-17T00:28:28 IST" description="Runs Cucumber Scenarios" data-provider="scenarios" finished-at="2021-04-17T00:28:45 IST">
          <params>
            <param index="0">
              <value>
                <![CDATA["Validate if the site has https."]]>
              </value>
            </param>
            <param index="1">
              <value>
                <![CDATA["Title test"]]>
              </value>
            </param>
          </params>
          <reporter-output>
          </reporter-output>
        </test-method> <!-- runScenario -->
        <test-method status="PASS" signature="runScenario(io.cucumber.testng.PickleWrapper, io.cucumber.testng.FeatureWrapper)[pri:0, instance:runnerclass.smoke@543c6f6d]" name="runScenario" duration-ms="52315" started-at="2021-04-17T00:28:45 IST" description="Runs Cucumber Scenarios" data-provider="scenarios" finished-at="2021-04-17T00:29:37 IST">
          <params>
            <param index="0">
              <value>
                <![CDATA["Validate if the site has https."]]>
              </value>
            </param>
            <param index="1">
              <value>
                <![CDATA["Title test"]]>
              </value>
            </param>
          </params>
          <reporter-output>
          </reporter-output>
        </test-method> <!-- runScenario -->
        <test-method status="PASS" signature="runScenario(io.cucumber.testng.PickleWrapper, io.cucumber.testng.FeatureWrapper)[pri:0, instance:runnerclass.smoke@543c6f6d]" name="runScenario" duration-ms="14215" started-at="2021-04-17T00:29:37 IST" description="Runs Cucumber Scenarios" data-provider="scenarios" finished-at="2021-04-17T00:29:51 IST">
          <params>
            <param index="0">
              <value>
                <![CDATA["Validate if the site has https."]]>
              </value>
            </param>
            <param index="1">
              <value>
                <![CDATA["Title test"]]>
              </value>
            </param>
          </params>
          <reporter-output>
          </reporter-output>
        </test-method> <!-- runScenario -->
        <test-method status="PASS" signature="runScenario(io.cucumber.testng.PickleWrapper, io.cucumber.testng.FeatureWrapper)[pri:0, instance:runnerclass.smoke@543c6f6d]" name="runScenario" duration-ms="26356" started-at="2021-04-17T00:29:51 IST" description="Runs Cucumber Scenarios" data-provider="scenarios" finished-at="2021-04-17T00:30:17 IST">
          <params>
            <param index="0">
              <value>
                <![CDATA["Validate if the site has https."]]>
              </value>
            </param>
            <param index="1">
              <value>
                <![CDATA["Title test"]]>
              </value>
            </param>
          </params>
          <reporter-output>
          </reporter-output>
        </test-method> <!-- runScenario -->
        <test-method status="PASS" signature="runScenario(io.cucumber.testng.PickleWrapper, io.cucumber.testng.FeatureWrapper)[pri:0, instance:runnerclass.smoke@543c6f6d]" name="runScenario" duration-ms="18209" started-at="2021-04-17T00:30:17 IST" description="Runs Cucumber Scenarios" data-provider="scenarios" finished-at="2021-04-17T00:30:36 IST">
          <params>
            <param index="0">
              <value>
                <![CDATA["Validate if the site has https."]]>
              </value>
            </param>
            <param index="1">
              <value>
                <![CDATA["Title test"]]>
              </value>
            </param>
          </params>
          <reporter-output>
          </reporter-output>
        </test-method> <!-- runScenario -->
        <test-method status="PASS" signature="runScenario(io.cucumber.testng.PickleWrapper, io.cucumber.testng.FeatureWrapper)[pri:0, instance:runnerclass.smoke@543c6f6d]" name="runScenario" duration-ms="12893" started-at="2021-04-17T00:30:36 IST" description="Runs Cucumber Scenarios" data-provider="scenarios" finished-at="2021-04-17T00:30:49 IST">
          <params>
            <param index="0">
              <value>
                <![CDATA["Validate if the site has https."]]>
              </value>
            </param>
            <param index="1">
              <value>
                <![CDATA["Title test"]]>
              </value>
            </param>
          </params>
          <reporter-output>
          </reporter-output>
        </test-method> <!-- runScenario -->
        <test-method status="PASS" signature="tearDownClass()[pri:0, instance:runnerclass.smoke@543c6f6d]" name="tearDownClass" is-config="true" duration-ms="315" started-at="2021-04-17T00:30:49 IST" finished-at="2021-04-17T00:30:49 IST">
          <reporter-output>
          </reporter-output>
        </test-method> <!-- tearDownClass -->
      </class> <!-- runnerclass.smoke -->
    </test> <!-- Default test -->
  </suite> <!-- Default suite -->
</testng-results>
